<?xml version="1.0" encoding="UTF-8"?>
<testng-results ignored="0" total="1" passed="1" failed="0" skipped="0">
  <reporter-output>
  </reporter-output>
  <suite started-at="2023-03-28T22:00:28 CEST" name="Default suite" finished-at="2023-03-28T22:01:04 CEST" duration-ms="36886">
    <groups>
      <group name="cucumber">
        <method signature="AbstractTestNGCucumberTests.runScenario(io.cucumber.testng.PickleWrapper,io.cucumber.testng.FeatureWrapper)[pri:0, instance:uploadDownloadFile.CucumberTestNGTestRunner@663c9e7a]" name="runScenario" class="io.cucumber.testng.AbstractTestNGCucumberTests"/>
      </group> <!-- cucumber -->
    </groups>
    <test started-at="2023-03-28T22:00:28 CEST" name="Default test" finished-at="2023-03-28T22:01:04 CEST" duration-ms="36886">
      <class name="uploadDownloadFile.CucumberTestNGTestRunner">
        <test-method is-config="true" signature="setUpClass(org.testng.ITestContext)[pri:0, instance:uploadDownloadFile.CucumberTestNGTestRunner@663c9e7a]" started-at="2023-03-28T22:00:28 CEST" name="setUpClass" finished-at="2023-03-28T22:00:29 CEST" duration-ms="1015" status="PASS">
          <params>
            <param index="0">
              <value>
                <![CDATA[org.testng.TestRunner@f882465]]>
              </value>
            </param>
          </params>
          <reporter-output>
          </reporter-output>
        </test-method> <!-- setUpClass -->
        <test-method signature="runScenario(io.cucumber.testng.PickleWrapper,io.cucumber.testng.FeatureWrapper)[pri:0, instance:uploadDownloadFile.CucumberTestNGTestRunner@663c9e7a]" started-at="2023-03-28T22:00:29 CEST" name="runScenario" description="Runs Cucumber Scenarios" data-provider="scenarios" finished-at="2023-03-28T22:01:04 CEST" duration-ms="35632" status="PASS">
          <params>
            <param index="0">
              <value>
                <![CDATA["Convert File"]]>
              </value>
            </param>
            <param index="1">
              <value>
                <![CDATA["Upload Download"]]>
              </value>
            </param>
          </params>
          <reporter-output>
          </reporter-output>
        </test-method> <!-- runScenario -->
        <test-method is-config="true" signature="tearDownClass()[pri:0, instance:uploadDownloadFile.CucumberTestNGTestRunner@663c9e7a]" started-at="2023-03-28T22:01:04 CEST" name="tearDownClass" finished-at="2023-03-28T22:01:04 CEST" duration-ms="195" status="PASS">
          <reporter-output>
          </reporter-output>
        </test-method> <!-- tearDownClass -->
      </class> <!-- uploadDownloadFile.CucumberTestNGTestRunner -->
    </test> <!-- Default test -->
  </suite> <!-- Default suite -->
</testng-results>
