<?xml version="1.0" encoding="UTF-8"?>
<testng-results ignored="0" total="1" passed="1" failed="0" skipped="0">
  <reporter-output>
  </reporter-output>
  <suite started-at="2023-04-17T22:02:13 CEST" name="Default suite" finished-at="2023-04-17T22:02:22 CEST" duration-ms="9037">
    <groups>
      <group name="cucumber">
        <method signature="AbstractTestNGCucumberTests.runScenario(io.cucumber.testng.PickleWrapper,io.cucumber.testng.FeatureWrapper)[pri:0, instance:testSuite01.CucumberTestNGTestrunner@663c9e7a]" name="runScenario" class="io.cucumber.testng.AbstractTestNGCucumberTests"/>
      </group> <!-- cucumber -->
    </groups>
    <test started-at="2023-04-17T22:02:13 CEST" name="Default test" finished-at="2023-04-17T22:02:22 CEST" duration-ms="9037">
      <class name="testSuite01.CucumberTestNGTestrunner">
        <test-method is-config="true" signature="setUpClass(org.testng.ITestContext)[pri:0, instance:testSuite01.CucumberTestNGTestrunner@663c9e7a]" started-at="2023-04-17T22:02:13 CEST" name="setUpClass" finished-at="2023-04-17T22:02:13 CEST" duration-ms="613" status="PASS">
          <params>
            <param index="0">
              <value>
                <![CDATA[org.testng.TestRunner@59d0cdb6]]>
              </value>
            </param>
          </params>
          <reporter-output>
          </reporter-output>
        </test-method> <!-- setUpClass -->
        <test-method signature="runScenario(io.cucumber.testng.PickleWrapper,io.cucumber.testng.FeatureWrapper)[pri:0, instance:testSuite01.CucumberTestNGTestrunner@663c9e7a]" started-at="2023-04-17T22:02:13 CEST" name="runScenario" description="Runs Cucumber Scenarios" data-provider="scenarios" finished-at="2023-04-17T22:02:22 CEST" duration-ms="8331" status="PASS">
          <params>
            <param index="0">
              <value>
                <![CDATA["open new tab"]]>
              </value>
            </param>
            <param index="1">
              <value>
                <![CDATA["Test case 01"]]>
              </value>
            </param>
          </params>
          <reporter-output>
          </reporter-output>
        </test-method> <!-- runScenario -->
        <test-method is-config="true" signature="tearDownClass()[pri:0, instance:testSuite01.CucumberTestNGTestrunner@663c9e7a]" started-at="2023-04-17T22:02:22 CEST" name="tearDownClass" finished-at="2023-04-17T22:02:22 CEST" duration-ms="47" status="PASS">
          <reporter-output>
          </reporter-output>
        </test-method> <!-- tearDownClass -->
      </class> <!-- testSuite01.CucumberTestNGTestrunner -->
    </test> <!-- Default test -->
  </suite> <!-- Default suite -->
</testng-results>
